# JRE version: OpenJDK Runtime Environment Temurin-21.0.9+10 (21.0.9+10) (build 21.0.9+10-LTS)
# Java VM: OpenJDK 64-Bit Server VM Temurin-21.0.9+10 (21.0.9+10-LTS, mixed mode, sharing, tiered, compressed oops, compressed class ptrs, parallel gc, windows-amd64)
GC Precious Log:
 CardTable entry size: 512
 CPUs: 4 total, 4 available
 Memory: 7934M
 Large Page Support: Disabled
 NUMA Support: Disabled
 Compressed Oops: Enabled (32-bit)
 Alignments: Space 512K, Generation 512K, Heap 2M
 Heap Min Capacity: 100M
 Heap Initial Capacity: 100M
 Heap Max Capacity: 2G
 Pre-touch: Disabled
 Parallel Workers: 4
Heap:
 PSYoungGen      total 3072K, used 607K [0x00000000d5580000, 0x00000000d5b00000, 0x0000000100000000)
  eden space 2560K, 7% used [0x00000000d5580000,0x00000000d55b13c8,0x00000000d5800000)
  from space 512K, 80% used [0x00000000d5a80000,0x00000000d5ae6c10,0x00000000d5b00000)
  to   space 1024K, 0% used [0x00000000d5900000,0x00000000d5900000,0x00000000d5a00000)
 ParOldGen       total 779264K, used 778965K [0x0000000080000000, 0x00000000af900000, 0x00000000d5580000)
  object space 779264K, 99% used [0x0000000080000000,0x00000000af8b57e0,0x00000000af900000)
 Metaspace       used 90586K, committed 92416K, reserved 1179648K
  class space    used 10699K, committed 11520K, reserved 1048576K
GC Heap History (20 events):
Event: 132.986 GC heap before
{Heap before GC invocations=674 (full 3):
 PSYoungGen      total 9216K, used 9168K [0x00000000d5580000, 0x00000000d6200000, 0x0000000100000000)
  eden space 7168K, 100% used [0x00000000d5580000,0x00000000d5c80000,0x00000000d5c80000)
  from space 2048K, 97% used [0x00000000d5f00000,0x00000000d60f4020,0x00000000d6100000)
  to   space 2560K, 0% used [0x00000000d5c80000,0x00000000d5c80000,0x00000000d5f00000)
 ParOldGen       total 762368K, used 762152K [0x0000000080000000, 0x00000000ae880000, 0x00000000d5580000)
  object space 762368K, 99% used [0x0000000080000000,0x00000000ae84a158,0x00000000ae880000)
 Metaspace       used 90195K, committed 91968K, reserved 1179648K
  class space    used 10656K, committed 11456K, reserved 1048576K
}
Event: 132.993 GC heap after
{Heap after GC invocations=674 (full 3):
 PSYoungGen      total 8192K, used 752K [0x00000000d5580000, 0x00000000d5f80000, 0x0000000100000000)
  eden space 7168K, 0% used [0x00000000d5580000,0x00000000d5580000,0x00000000d5c80000)
  from space 1024K, 73% used [0x00000000d5c80000,0x00000000d5d3c030,0x00000000d5d80000)
  to   space 1536K, 0% used [0x00000000d5e00000,0x00000000d5e00000,0x00000000d5f80000)
 ParOldGen       total 764416K, used 764080K [0x0000000080000000, 0x00000000aea80000, 0x00000000d5580000)
  object space 764416K, 99% used [0x0000000080000000,0x00000000aea2c070,0x00000000aea80000)
 Metaspace       used 90195K, committed 91968K, reserved 1179648K
  class space    used 10656K, committed 11456K, reserved 1048576K
}
Event: 133.025 GC heap before
{Heap before GC invocations=675 (full 3):
 PSYoungGen      total 8192K, used 7920K [0x00000000d5580000, 0x00000000d5f80000, 0x0000000100000000)
  eden space 7168K, 100% used [0x00000000d5580000,0x00000000d5c80000,0x00000000d5c80000)
  from space 1024K, 73% used [0x00000000d5c80000,0x00000000d5d3c030,0x00000000d5d80000)
  to   space 1536K, 0% used [0x00000000d5e00000,0x00000000d5e00000,0x00000000d5f80000)
 ParOldGen       total 764416K, used 764080K [0x0000000080000000, 0x00000000aea80000, 0x00000000d5580000)
  object space 764416K, 99% used [0x0000000080000000,0x00000000aea2c070,0x00000000aea80000)
 Metaspace       used 90217K, committed 91968K, reserved 1179648K
  class space    used 10656K, committed 11456K, reserved 1048576K
}
Event: 133.030 GC heap after
{Heap after GC invocations=675 (full 3):
 PSYoungGen      total 6656K, used 1504K [0x00000000d5580000, 0x00000000d6380000, 0x0000000100000000)
  eden space 5120K, 0% used [0x00000000d5580000,0x00000000d5580000,0x00000000d5a80000)
  from space 1536K, 97% used [0x00000000d5e00000,0x00000000d5f78010,0x00000000d5f80000)
  to   space 3584K, 0% used [0x00000000d5a80000,0x00000000d5a80000,0x00000000d5e00000)
 ParOldGen       total 765952K, used 765644K [0x0000000080000000, 0x00000000aec00000, 0x00000000d5580000)
  object space 765952K, 99% used [0x0000000080000000,0x00000000aebb30e0,0x00000000aec00000)
 Metaspace       used 90217K, committed 91968K, reserved 1179648K
  class space    used 10656K, committed 11456K, reserved 1048576K
}
Event: 133.039 GC heap before
{Heap before GC invocations=676 (full 3):
 PSYoungGen      total 6656K, used 6624K [0x00000000d5580000, 0x00000000d6380000, 0x0000000100000000)
  eden space 5120K, 100% used [0x00000000d5580000,0x00000000d5a80000,0x00000000d5a80000)
  from space 1536K, 97% used [0x00000000d5e00000,0x00000000d5f78010,0x00000000d5f80000)
  to   space 3584K, 0% used [0x00000000d5a80000,0x00000000d5a80000,0x00000000d5e00000)
 ParOldGen       total 765952K, used 765644K [0x0000000080000000, 0x00000000aec00000, 0x00000000d5580000)
  object space 765952K, 99% used [0x0000000080000000,0x00000000aebb30e0,0x00000000aec00000)
 Metaspace       used 90223K, committed 92032K, reserved 1179648K
  class space    used 10656K, committed 11456K, reserved 1048576K
}
Event: 133.043 GC heap after
{Heap after GC invocations=676 (full 3):
 PSYoungGen      total 5632K, used 432K [0x00000000d5580000, 0x00000000d5e80000, 0x0000000100000000)
  eden space 5120K, 0% used [0x00000000d5580000,0x00000000d5580000,0x00000000d5a80000)
  from space 512K, 84% used [0x00000000d5a80000,0x00000000d5aec030,0x00000000d5b00000)
  to   space 1536K, 0% used [0x00000000d5d00000,0x00000000d5d00000,0x00000000d5e80000)
 ParOldGen       total 767488K, used 767172K [0x0000000080000000, 0x00000000aed80000, 0x00000000d5580000)
  object space 767488K, 99% used [0x0000000080000000,0x00000000aed31130,0x00000000aed80000)
 Metaspace       used 90223K, committed 92032K, reserved 1179648K
  class space    used 10656K, committed 11456K, reserved 1048576K
}
Event: 133.121 GC heap before
{Heap before GC invocations=677 (full 3):
 PSYoungGen      total 5632K, used 5552K [0x00000000d5580000, 0x00000000d5e80000, 0x0000000100000000)
  eden space 5120K, 100% used [0x00000000d5580000,0x00000000d5a80000,0x00000000d5a80000)
  from space 512K, 84% used [0x00000000d5a80000,0x00000000d5aec030,0x00000000d5b00000)
  to   space 1536K, 0% used [0x00000000d5d00000,0x00000000d5d00000,0x00000000d5e80000)
 ParOldGen       total 767488K, used 767172K [0x0000000080000000, 0x00000000aed80000, 0x00000000d5580000)
  object space 767488K, 99% used [0x0000000080000000,0x00000000aed31130,0x00000000aed80000)
 Metaspace       used 90343K, committed 92096K, reserved 1179648K
  class space    used 10674K, committed 11456K, reserved 1048576K
}
Event: 133.126 GC heap after
{Heap after GC invocations=677 (full 3):
 PSYoungGen      total 6144K, used 528K [0x00000000d5580000, 0x00000000d5e00000, 0x0000000100000000)
  eden space 5120K, 0% used [0x00000000d5580000,0x00000000d5580000,0x00000000d5a80000)
  from space 1024K, 51% used [0x00000000d5d00000,0x00000000d5d84030,0x00000000d5e00000)
  to   space 1024K, 0% used [0x00000000d5c00000,0x00000000d5c00000,0x00000000d5d00000)
 ParOldGen       total 768000K, used 767520K [0x0000000080000000, 0x00000000aee00000, 0x00000000d5580000)
  object space 768000K, 99% used [0x0000000080000000,0x00000000aed88240,0x00000000aee00000)
 Metaspace       used 90343K, committed 92096K, reserved 1179648K
  class space    used 10674K, committed 11456K, reserved 1048576K
}
Event: 133.190 GC heap before
{Heap before GC invocations=678 (full 3):
 PSYoungGen      total 6144K, used 5648K [0x00000000d5580000, 0x00000000d5e00000, 0x0000000100000000)
  eden space 5120K, 100% used [0x00000000d5580000,0x00000000d5a80000,0x00000000d5a80000)
  from space 1024K, 51% used [0x00000000d5d00000,0x00000000d5d84030,0x00000000d5e00000)
  to   space 1024K, 0% used [0x00000000d5c00000,0x00000000d5c00000,0x00000000d5d00000)
 ParOldGen       total 768000K, used 767520K [0x0000000080000000, 0x00000000aee00000, 0x00000000d5580000)
  object space 768000K, 99% used [0x0000000080000000,0x00000000aed88240,0x00000000aee00000)
 Metaspace       used 90403K, committed 92224K, reserved 1179648K
  class space    used 10679K, committed 11456K, reserved 1048576K
}
Event: 133.195 GC heap after
{Heap after GC invocations=678 (full 3):
 PSYoungGen      total 6144K, used 1016K [0x00000000d5580000, 0x00000000d6080000, 0x0000000100000000)
  eden space 5120K, 0% used [0x00000000d5580000,0x00000000d5580000,0x00000000d5a80000)
  from space 1024K, 99% used [0x00000000d5c00000,0x00000000d5cfe2a0,0x00000000d5d00000)
  to   space 3072K, 0% used [0x00000000d5d80000,0x00000000d5d80000,0x00000000d6080000)
 ParOldGen       total 769024K, used 768857K [0x0000000080000000, 0x00000000aef00000, 0x00000000d5580000)
  object space 769024K, 99% used [0x0000000080000000,0x00000000aeed6500,0x00000000aef00000)
 Metaspace       used 90403K, committed 92224K, reserved 1179648K
  class space    used 10679K, committed 11456K, reserved 1048576K
}
Event: 133.225 GC heap before
{Heap before GC invocations=679 (full 3):
 PSYoungGen      total 6144K, used 6132K [0x00000000d5580000, 0x00000000d6080000, 0x0000000100000000)
  eden space 5120K, 99% used [0x00000000d5580000,0x00000000d5a7edb0,0x00000000d5a80000)
  from space 1024K, 99% used [0x00000000d5c00000,0x00000000d5cfe2a0,0x00000000d5d00000)
  to   space 3072K, 0% used [0x00000000d5d80000,0x00000000d5d80000,0x00000000d6080000)
 ParOldGen       total 769024K, used 768857K [0x0000000080000000, 0x00000000aef00000, 0x00000000d5580000)
  object space 769024K, 99% used [0x0000000080000000,0x00000000aeed6500,0x00000000aef00000)
 Metaspace       used 90403K, committed 92224K, reserved 1179648K
  class space    used 10679K, committed 11456K, reserved 1048576K
}
Event: 133.234 GC heap after
{Heap after GC invocations=679 (full 3):
 PSYoungGen      total 5120K, used 3043K [0x00000000d5580000, 0x00000000d6680000, 0x0000000100000000)
  eden space 2048K, 0% used [0x00000000d5580000,0x00000000d5580000,0x00000000d5780000)
  from space 3072K, 99% used [0x00000000d5d80000,0x00000000d6078df8,0x00000000d6080000)
  to   space 6144K, 0% used [0x00000000d5780000,0x00000000d5780000,0x00000000d5d80000)
 ParOldGen       total 771584K, used 771316K [0x0000000080000000, 0x00000000af180000, 0x00000000d5580000)
  object space 771584K, 99% used [0x0000000080000000,0x00000000af13d368,0x00000000af180000)
 Metaspace       used 90403K, committed 92224K, reserved 1179648K
  class space    used 10679K, committed 11456K, reserved 1048576K
}
Event: 133.250 GC heap before
{Heap before GC invocations=680 (full 3):
 PSYoungGen      total 5120K, used 5091K [0x00000000d5580000, 0x00000000d6680000, 0x0000000100000000)
  eden space 2048K, 100% used [0x00000000d5580000,0x00000000d5780000,0x00000000d5780000)
  from space 3072K, 99% used [0x00000000d5d80000,0x00000000d6078df8,0x00000000d6080000)
  to   space 6144K, 0% used [0x00000000d5780000,0x00000000d5780000,0x00000000d5d80000)
 ParOldGen       total 771584K, used 771316K [0x0000000080000000, 0x00000000af180000, 0x00000000d5580000)
  object space 771584K, 99% used [0x0000000080000000,0x00000000af13d368,0x00000000af180000)
 Metaspace       used 90438K, committed 92224K, reserved 1179648K
  class space    used 10683K, committed 11456K, reserved 1048576K
}
Event: 133.259 GC heap after
{Heap after GC invocations=680 (full 3):
 PSYoungGen      total 4096K, used 1636K [0x00000000d5580000, 0x00000000d5e00000, 0x0000000100000000)
  eden space 2048K, 0% used [0x00000000d5580000,0x00000000d5580000,0x00000000d5780000)
  from space 2048K, 79% used [0x00000000d5780000,0x00000000d59190a0,0x00000000d5980000)
  to   space 3072K, 0% used [0x00000000d5b00000,0x00000000d5b00000,0x00000000d5e00000)
 ParOldGen       total 774656K, used 774397K [0x0000000080000000, 0x00000000af480000, 0x00000000d5580000)
  object space 774656K, 99% used [0x0000000080000000,0x00000000af43f5f0,0x00000000af480000)
 Metaspace       used 90438K, committed 92224K, reserved 1179648K
  class space    used 10683K, committed 11456K, reserved 1048576K
}
Event: 133.270 GC heap before
{Heap before GC invocations=681 (full 3):
 PSYoungGen      total 4096K, used 3684K [0x00000000d5580000, 0x00000000d5e00000, 0x0000000100000000)
  eden space 2048K, 100% used [0x00000000d5580000,0x00000000d5780000,0x00000000d5780000)
  from space 2048K, 79% used [0x00000000d5780000,0x00000000d59190a0,0x00000000d5980000)
  to   space 3072K, 0% used [0x00000000d5b00000,0x00000000d5b00000,0x00000000d5e00000)
 ParOldGen       total 774656K, used 774397K [0x0000000080000000, 0x00000000af480000, 0x00000000d5580000)
  object space 774656K, 99% used [0x0000000080000000,0x00000000af43f5f0,0x00000000af480000)
 Metaspace       used 90444K, committed 92224K, reserved 1179648K
  class space    used 10683K, committed 11456K, reserved 1048576K
}
Event: 133.275 GC heap after
{Heap after GC invocations=681 (full 3):
 PSYoungGen      total 4608K, used 1906K [0x00000000d5580000, 0x00000000d5d00000, 0x0000000100000000)
  eden space 2560K, 0% used [0x00000000d5580000,0x00000000d5580000,0x00000000d5800000)
  from space 2048K, 93% used [0x00000000d5b00000,0x00000000d5cdc8b8,0x00000000d5d00000)
  to   space 2048K, 0% used [0x00000000d5900000,0x00000000d5900000,0x00000000d5b00000)
 ParOldGen       total 776192K, used 775981K [0x0000000080000000, 0x00000000af600000, 0x00000000d5580000)
  object space 776192K, 99% used [0x0000000080000000,0x00000000af5cb588,0x00000000af600000)
 Metaspace       used 90444K, committed 92224K, reserved 1179648K
  class space    used 10683K, committed 11456K, reserved 1048576K
}
Event: 133.341 GC heap before
{Heap before GC invocations=682 (full 3):
 PSYoungGen      total 4608K, used 4466K [0x00000000d5580000, 0x00000000d5d00000, 0x0000000100000000)
  eden space 2560K, 100% used [0x00000000d5580000,0x00000000d5800000,0x00000000d5800000)
  from space 2048K, 93% used [0x00000000d5b00000,0x00000000d5cdc8b8,0x00000000d5d00000)
  to   space 2048K, 0% used [0x00000000d5900000,0x00000000d5900000,0x00000000d5b00000)
 ParOldGen       total 776192K, used 775981K [0x0000000080000000, 0x00000000af600000, 0x00000000d5580000)
  object space 776192K, 99% used [0x0000000080000000,0x00000000af5cb588,0x00000000af600000)
 Metaspace       used 90528K, committed 92288K, reserved 1179648K
  class space    used 10692K, committed 11456K, reserved 1048576K
}
Event: 133.345 GC heap after
{Heap after GC invocations=682 (full 3):
 PSYoungGen      total 4096K, used 1248K [0x00000000d5580000, 0x00000000d5b80000, 0x0000000100000000)
  eden space 2560K, 0% used [0x00000000d5580000,0x00000000d5580000,0x00000000d5800000)
  from space 1536K, 81% used [0x00000000d5900000,0x00000000d5a38000,0x00000000d5a80000)
  to   space 1024K, 0% used [0x00000000d5a80000,0x00000000d5a80000,0x00000000d5b80000)
 ParOldGen       total 778240K, used 777800K [0x0000000080000000, 0x00000000af800000, 0x00000000d5580000)
  object space 778240K, 99% used [0x0000000080000000,0x00000000af7920e8,0x00000000af800000)
 Metaspace       used 90528K, committed 92288K, reserved 1179648K
  class space    used 10692K, committed 11456K, reserved 1048576K
}
Event: 133.387 GC heap before
{Heap before GC invocations=683 (full 3):
 PSYoungGen      total 4096K, used 3779K [0x00000000d5580000, 0x00000000d5b80000, 0x0000000100000000)
  eden space 2560K, 98% used [0x00000000d5580000,0x00000000d57f8e68,0x00000000d5800000)
  from space 1536K, 81% used [0x00000000d5900000,0x00000000d5a38000,0x00000000d5a80000)
  to   space 1024K, 0% used [0x00000000d5a80000,0x00000000d5a80000,0x00000000d5b80000)
 ParOldGen       total 778240K, used 777800K [0x0000000080000000, 0x00000000af800000, 0x00000000d5580000)
  object space 778240K, 99% used [0x0000000080000000,0x00000000af7920e8,0x00000000af800000)
 Metaspace       used 90586K, committed 92416K, reserved 1179648K
  class space    used 10699K, committed 11520K, reserved 1048576K
}
Event: 133.392 GC heap after
{Heap after GC invocations=683 (full 3):
 PSYoungGen      total 3072K, used 411K [0x00000000d5580000, 0x00000000d5b00000, 0x0000000100000000)
  eden space 2560K, 0% used [0x00000000d5580000,0x00000000d5580000,0x00000000d5800000)
  from space 512K, 80% used [0x00000000d5a80000,0x00000000d5ae6c10,0x00000000d5b00000)
  to   space 1024K, 0% used [0x00000000d5900000,0x00000000d5900000,0x00000000d5a00000)
 ParOldGen       total 779264K, used 778965K [0x0000000080000000, 0x00000000af900000, 0x00000000d5580000)
  object space 779264K, 99% used [0x0000000080000000,0x00000000af8b57e0,0x00000000af900000)
 Metaspace       used 90586K, committed 92416K, reserved 1179648K
  class space    used 10699K, committed 11520K, reserved 1048576K
}

