# JRE version: OpenJDK Runtime Environment Temurin-21.0.9+10 (21.0.9+10) (build 21.0.9+10-LTS)
# Java VM: OpenJDK 64-Bit Server VM Temurin-21.0.9+10 (21.0.9+10-LTS, mixed mode, sharing, tiered, compressed oops, compressed class ptrs, parallel gc, windows-amd64)
GC Precious Log:
 CardTable entry size: 512
 CPUs: 4 total, 4 available
 Memory: 7934M
 Large Page Support: Disabled
 NUMA Support: Disabled
 Compressed Oops: Enabled (32-bit)
 Alignments: Space 512K, Generation 512K, Heap 2M
 Heap Min Capacity: 100M
 Heap Initial Capacity: 100M
 Heap Max Capacity: 2G
 Pre-touch: Disabled
 Parallel Workers: 4
Heap:
 PSYoungGen      total 13824K, used 6065K [0x00000000d5580000, 0x00000000d6500000, 0x0000000100000000)
  eden space 13312K, 43% used [0x00000000d5580000,0x00000000d5b2c600,0x00000000d6280000)
  from space 512K, 50% used [0x00000000d6400000,0x00000000d6440000,0x00000000d6480000)
  to   space 512K, 0% used [0x00000000d6480000,0x00000000d6480000,0x00000000d6500000)
 ParOldGen       total 180736K, used 180454K [0x0000000080000000, 0x000000008b080000, 0x00000000d5580000)
  object space 180736K, 99% used [0x0000000080000000,0x000000008b039808,0x000000008b080000)
 Metaspace       used 84375K, committed 86080K, reserved 1179648K
  class space    used 10250K, committed 11008K, reserved 1048576K
GC Heap History (20 events):
Event: 119.187 GC heap before
{Heap before GC invocations=318 (full 3):
 PSYoungGen      total 13824K, used 13632K [0x00000000d5580000, 0x00000000d6500000, 0x0000000100000000)
  eden space 13312K, 100% used [0x00000000d5580000,0x00000000d6280000,0x00000000d6280000)
  from space 512K, 62% used [0x00000000d6480000,0x00000000d64d0000,0x00000000d6500000)
  to   space 512K, 0% used [0x00000000d6400000,0x00000000d6400000,0x00000000d6480000)
 ParOldGen       total 178176K, used 177899K [0x0000000080000000, 0x000000008ae00000, 0x00000000d5580000)
  object space 178176K, 99% used [0x0000000080000000,0x000000008adbaf48,0x000000008ae00000)
 Metaspace       used 84362K, committed 86080K, reserved 1179648K
  class space    used 10249K, committed 11008K, reserved 1048576K
}
Event: 119.189 GC heap after
{Heap after GC invocations=318 (full 3):
 PSYoungGen      total 13824K, used 224K [0x00000000d5580000, 0x00000000d6500000, 0x0000000100000000)
  eden space 13312K, 0% used [0x00000000d5580000,0x00000000d5580000,0x00000000d6280000)
  from space 512K, 43% used [0x00000000d6400000,0x00000000d6438000,0x00000000d6480000)
  to   space 512K, 0% used [0x00000000d6480000,0x00000000d6480000,0x00000000d6500000)
 ParOldGen       total 178176K, used 178131K [0x0000000080000000, 0x000000008ae00000, 0x00000000d5580000)
  object space 178176K, 99% used [0x0000000080000000,0x000000008adf4f68,0x000000008ae00000)
 Metaspace       used 84362K, committed 86080K, reserved 1179648K
  class space    used 10249K, committed 11008K, reserved 1048576K
}
Event: 119.229 GC heap before
{Heap before GC invocations=319 (full 3):
 PSYoungGen      total 13824K, used 13536K [0x00000000d5580000, 0x00000000d6500000, 0x0000000100000000)
  eden space 13312K, 100% used [0x00000000d5580000,0x00000000d6280000,0x00000000d6280000)
  from space 512K, 43% used [0x00000000d6400000,0x00000000d6438000,0x00000000d6480000)
  to   space 512K, 0% used [0x00000000d6480000,0x00000000d6480000,0x00000000d6500000)
 ParOldGen       total 178176K, used 178131K [0x0000000080000000, 0x000000008ae00000, 0x00000000d5580000)
  object space 178176K, 99% used [0x0000000080000000,0x000000008adf4f68,0x000000008ae00000)
 Metaspace       used 84362K, committed 86080K, reserved 1179648K
  class space    used 10249K, committed 11008K, reserved 1048576K
}
Event: 119.232 GC heap after
{Heap after GC invocations=319 (full 3):
 PSYoungGen      total 13824K, used 320K [0x00000000d5580000, 0x00000000d6500000, 0x0000000100000000)
  eden space 13312K, 0% used [0x00000000d5580000,0x00000000d5580000,0x00000000d6280000)
  from space 512K, 62% used [0x00000000d6480000,0x00000000d64d0000,0x00000000d6500000)
  to   space 512K, 0% used [0x00000000d6400000,0x00000000d6400000,0x00000000d6480000)
 ParOldGen       total 178688K, used 178339K [0x0000000080000000, 0x000000008ae80000, 0x00000000d5580000)
  object space 178688K, 99% used [0x0000000080000000,0x000000008ae28f68,0x000000008ae80000)
 Metaspace       used 84362K, committed 86080K, reserved 1179648K
  class space    used 10249K, committed 11008K, reserved 1048576K
}
Event: 119.278 GC heap before
{Heap before GC invocations=320 (full 3):
 PSYoungGen      total 13824K, used 13632K [0x00000000d5580000, 0x00000000d6500000, 0x0000000100000000)
  eden space 13312K, 100% used [0x00000000d5580000,0x00000000d6280000,0x00000000d6280000)
  from space 512K, 62% used [0x00000000d6480000,0x00000000d64d0000,0x00000000d6500000)
  to   space 512K, 0% used [0x00000000d6400000,0x00000000d6400000,0x00000000d6480000)
 ParOldGen       total 178688K, used 178339K [0x0000000080000000, 0x000000008ae80000, 0x00000000d5580000)
  object space 178688K, 99% used [0x0000000080000000,0x000000008ae28f68,0x000000008ae80000)
 Metaspace       used 84375K, committed 86080K, reserved 1179648K
  class space    used 10250K, committed 11008K, reserved 1048576K
}
Event: 119.280 GC heap after
{Heap after GC invocations=320 (full 3):
 PSYoungGen      total 13824K, used 390K [0x00000000d5580000, 0x00000000d6500000, 0x0000000100000000)
  eden space 13312K, 0% used [0x00000000d5580000,0x00000000d5580000,0x00000000d6280000)
  from space 512K, 76% used [0x00000000d6400000,0x00000000d6461860,0x00000000d6480000)
  to   space 512K, 0% used [0x00000000d6480000,0x00000000d6480000,0x00000000d6500000)
 ParOldGen       total 178688K, used 178589K [0x0000000080000000, 0x000000008ae80000, 0x00000000d5580000)
  object space 178688K, 99% used [0x0000000080000000,0x000000008ae674c0,0x000000008ae80000)
 Metaspace       used 84375K, committed 86080K, reserved 1179648K
  class space    used 10250K, committed 11008K, reserved 1048576K
}
Event: 119.317 GC heap before
{Heap before GC invocations=321 (full 3):
 PSYoungGen      total 13824K, used 13702K [0x00000000d5580000, 0x00000000d6500000, 0x0000000100000000)
  eden space 13312K, 100% used [0x00000000d5580000,0x00000000d6280000,0x00000000d6280000)
  from space 512K, 76% used [0x00000000d6400000,0x00000000d6461860,0x00000000d6480000)
  to   space 512K, 0% used [0x00000000d6480000,0x00000000d6480000,0x00000000d6500000)
 ParOldGen       total 178688K, used 178589K [0x0000000080000000, 0x000000008ae80000, 0x00000000d5580000)
  object space 178688K, 99% used [0x0000000080000000,0x000000008ae674c0,0x000000008ae80000)
 Metaspace       used 84375K, committed 86080K, reserved 1179648K
  class space    used 10250K, committed 11008K, reserved 1048576K
}
Event: 119.318 GC heap after
{Heap after GC invocations=321 (full 3):
 PSYoungGen      total 13824K, used 322K [0x00000000d5580000, 0x00000000d6500000, 0x0000000100000000)
  eden space 13312K, 0% used [0x00000000d5580000,0x00000000d5580000,0x00000000d6280000)
  from space 512K, 62% used [0x00000000d6480000,0x00000000d64d0840,0x00000000d6500000)
  to   space 512K, 0% used [0x00000000d6400000,0x00000000d6400000,0x00000000d6480000)
 ParOldGen       total 179200K, used 178897K [0x0000000080000000, 0x000000008af00000, 0x00000000d5580000)
  object space 179200K, 99% used [0x0000000080000000,0x000000008aeb44c8,0x000000008af00000)
 Metaspace       used 84375K, committed 86080K, reserved 1179648K
  class space    used 10250K, committed 11008K, reserved 1048576K
}
Event: 119.496 GC heap before
{Heap before GC invocations=322 (full 3):
 PSYoungGen      total 13824K, used 13634K [0x00000000d5580000, 0x00000000d6500000, 0x0000000100000000)
  eden space 13312K, 100% used [0x00000000d5580000,0x00000000d6280000,0x00000000d6280000)
  from space 512K, 62% used [0x00000000d6480000,0x00000000d64d0840,0x00000000d6500000)
  to   space 512K, 0% used [0x00000000d6400000,0x00000000d6400000,0x00000000d6480000)
 ParOldGen       total 179200K, used 178897K [0x0000000080000000, 0x000000008af00000, 0x00000000d5580000)
  object space 179200K, 99% used [0x0000000080000000,0x000000008aeb44c8,0x000000008af00000)
 Metaspace       used 84375K, committed 86080K, reserved 1179648K
  class space    used 10250K, committed 11008K, reserved 1048576K
}
Event: 119.497 GC heap after
{Heap after GC invocations=322 (full 3):
 PSYoungGen      total 13824K, used 256K [0x00000000d5580000, 0x00000000d6500000, 0x0000000100000000)
  eden space 13312K, 0% used [0x00000000d5580000,0x00000000d5580000,0x00000000d6280000)
  from space 512K, 50% used [0x00000000d6400000,0x00000000d6440000,0x00000000d6480000)
  to   space 512K, 0% used [0x00000000d6480000,0x00000000d6480000,0x00000000d6500000)
 ParOldGen       total 179200K, used 179138K [0x0000000080000000, 0x000000008af00000, 0x00000000d5580000)
  object space 179200K, 99% used [0x0000000080000000,0x000000008aef0b98,0x000000008af00000)
 Metaspace       used 84375K, committed 86080K, reserved 1179648K
  class space    used 10250K, committed 11008K, reserved 1048576K
}
Event: 119.510 GC heap before
{Heap before GC invocations=323 (full 3):
 PSYoungGen      total 13824K, used 13568K [0x00000000d5580000, 0x00000000d6500000, 0x0000000100000000)
  eden space 13312K, 100% used [0x00000000d5580000,0x00000000d6280000,0x00000000d6280000)
  from space 512K, 50% used [0x00000000d6400000,0x00000000d6440000,0x00000000d6480000)
  to   space 512K, 0% used [0x00000000d6480000,0x00000000d6480000,0x00000000d6500000)
 ParOldGen       total 179200K, used 179138K [0x0000000080000000, 0x000000008af00000, 0x00000000d5580000)
  object space 179200K, 99% used [0x0000000080000000,0x000000008aef0b98,0x000000008af00000)
 Metaspace       used 84375K, committed 86080K, reserved 1179648K
  class space    used 10250K, committed 11008K, reserved 1048576K
}
Event: 119.512 GC heap after
{Heap after GC invocations=323 (full 3):
 PSYoungGen      total 13824K, used 274K [0x00000000d5580000, 0x00000000d6500000, 0x0000000100000000)
  eden space 13312K, 0% used [0x00000000d5580000,0x00000000d5580000,0x00000000d6280000)
  from space 512K, 53% used [0x00000000d6480000,0x00000000d64c4880,0x00000000d6500000)
  to   space 512K, 0% used [0x00000000d6400000,0x00000000d6400000,0x00000000d6480000)
 ParOldGen       total 179712K, used 179330K [0x0000000080000000, 0x000000008af80000, 0x00000000d5580000)
  object space 179712K, 99% used [0x0000000080000000,0x000000008af20b98,0x000000008af80000)
 Metaspace       used 84375K, committed 86080K, reserved 1179648K
  class space    used 10250K, committed 11008K, reserved 1048576K
}
Event: 119.524 GC heap before
{Heap before GC invocations=324 (full 3):
 PSYoungGen      total 13824K, used 13586K [0x00000000d5580000, 0x00000000d6500000, 0x0000000100000000)
  eden space 13312K, 100% used [0x00000000d5580000,0x00000000d6280000,0x00000000d6280000)
  from space 512K, 53% used [0x00000000d6480000,0x00000000d64c4880,0x00000000d6500000)
  to   space 512K, 0% used [0x00000000d6400000,0x00000000d6400000,0x00000000d6480000)
 ParOldGen       total 179712K, used 179330K [0x0000000080000000, 0x000000008af80000, 0x00000000d5580000)
  object space 179712K, 99% used [0x0000000080000000,0x000000008af20b98,0x000000008af80000)
 Metaspace       used 84375K, committed 86080K, reserved 1179648K
  class space    used 10250K, committed 11008K, reserved 1048576K
}
Event: 119.525 GC heap after
{Heap after GC invocations=324 (full 3):
 PSYoungGen      total 13824K, used 371K [0x00000000d5580000, 0x00000000d6500000, 0x0000000100000000)
  eden space 13312K, 0% used [0x00000000d5580000,0x00000000d5580000,0x00000000d6280000)
  from space 512K, 72% used [0x00000000d6400000,0x00000000d645ce38,0x00000000d6480000)
  to   space 512K, 0% used [0x00000000d6480000,0x00000000d6480000,0x00000000d6500000)
 ParOldGen       total 179712K, used 179547K [0x0000000080000000, 0x000000008af80000, 0x00000000d5580000)
  object space 179712K, 99% used [0x0000000080000000,0x000000008af56e08,0x000000008af80000)
 Metaspace       used 84375K, committed 86080K, reserved 1179648K
  class space    used 10250K, committed 11008K, reserved 1048576K
}
Event: 119.555 GC heap before
{Heap before GC invocations=325 (full 3):
 PSYoungGen      total 13824K, used 13683K [0x00000000d5580000, 0x00000000d6500000, 0x0000000100000000)
  eden space 13312K, 100% used [0x00000000d5580000,0x00000000d6280000,0x00000000d6280000)
  from space 512K, 72% used [0x00000000d6400000,0x00000000d645ce38,0x00000000d6480000)
  to   space 512K, 0% used [0x00000000d6480000,0x00000000d6480000,0x00000000d6500000)
 ParOldGen       total 179712K, used 179547K [0x0000000080000000, 0x000000008af80000, 0x00000000d5580000)
  object space 179712K, 99% used [0x0000000080000000,0x000000008af56e08,0x000000008af80000)
 Metaspace       used 84375K, committed 86080K, reserved 1179648K
  class space    used 10250K, committed 11008K, reserved 1048576K
}
Event: 119.557 GC heap after
{Heap after GC invocations=325 (full 3):
 PSYoungGen      total 13824K, used 256K [0x00000000d5580000, 0x00000000d6500000, 0x0000000100000000)
  eden space 13312K, 0% used [0x00000000d5580000,0x00000000d5580000,0x00000000d6280000)
  from space 512K, 50% used [0x00000000d6480000,0x00000000d64c0000,0x00000000d6500000)
  to   space 512K, 0% used [0x00000000d6400000,0x00000000d6400000,0x00000000d6480000)
 ParOldGen       total 180224K, used 179852K [0x0000000080000000, 0x000000008b000000, 0x00000000d5580000)
  object space 180224K, 99% used [0x0000000080000000,0x000000008afa3268,0x000000008b000000)
 Metaspace       used 84375K, committed 86080K, reserved 1179648K
  class space    used 10250K, committed 11008K, reserved 1048576K
}
Event: 119.574 GC heap before
{Heap before GC invocations=326 (full 3):
 PSYoungGen      total 13824K, used 13568K [0x00000000d5580000, 0x00000000d6500000, 0x0000000100000000)
  eden space 13312K, 100% used [0x00000000d5580000,0x00000000d6280000,0x00000000d6280000)
  from space 512K, 50% used [0x00000000d6480000,0x00000000d64c0000,0x00000000d6500000)
  to   space 512K, 0% used [0x00000000d6400000,0x00000000d6400000,0x00000000d6480000)
 ParOldGen       total 180224K, used 179852K [0x0000000080000000, 0x000000008b000000, 0x00000000d5580000)
  object space 180224K, 99% used [0x0000000080000000,0x000000008afa3268,0x000000008b000000)
 Metaspace       used 84375K, committed 86080K, reserved 1179648K
  class space    used 10250K, committed 11008K, reserved 1048576K
}
Event: 119.577 GC heap after
{Heap after GC invocations=326 (full 3):
 PSYoungGen      total 13824K, used 288K [0x00000000d5580000, 0x00000000d6500000, 0x0000000100000000)
  eden space 13312K, 0% used [0x00000000d5580000,0x00000000d5580000,0x00000000d6280000)
  from space 512K, 56% used [0x00000000d6400000,0x00000000d6448000,0x00000000d6480000)
  to   space 512K, 0% used [0x00000000d6480000,0x00000000d6480000,0x00000000d6500000)
 ParOldGen       total 180224K, used 180030K [0x0000000080000000, 0x000000008b000000, 0x00000000d5580000)
  object space 180224K, 99% used [0x0000000080000000,0x000000008afcf808,0x000000008b000000)
 Metaspace       used 84375K, committed 86080K, reserved 1179648K
  class space    used 10250K, committed 11008K, reserved 1048576K
}
Event: 119.600 GC heap before
{Heap before GC invocations=327 (full 3):
 PSYoungGen      total 13824K, used 13600K [0x00000000d5580000, 0x00000000d6500000, 0x0000000100000000)
  eden space 13312K, 100% used [0x00000000d5580000,0x00000000d6280000,0x00000000d6280000)
  from space 512K, 56% used [0x00000000d6400000,0x00000000d6448000,0x00000000d6480000)
  to   space 512K, 0% used [0x00000000d6480000,0x00000000d6480000,0x00000000d6500000)
 ParOldGen       total 180224K, used 180030K [0x0000000080000000, 0x000000008b000000, 0x00000000d5580000)
  object space 180224K, 99% used [0x0000000080000000,0x000000008afcf808,0x000000008b000000)
 Metaspace       used 84375K, committed 86080K, reserved 1179648K
  class space    used 10250K, committed 11008K, reserved 1048576K
}
Event: 119.601 GC heap after
{Heap after GC invocations=327 (full 3):
 PSYoungGen      total 13824K, used 256K [0x00000000d5580000, 0x00000000d6500000, 0x0000000100000000)
  eden space 13312K, 0% used [0x00000000d5580000,0x00000000d5580000,0x00000000d6280000)
  from space 512K, 50% used [0x00000000d6480000,0x00000000d64c0000,0x00000000d6500000)
  to   space 512K, 0% used [0x00000000d6400000,0x00000000d6400000,0x00000000d6480000)
 ParOldGen       total 180736K, used 180230K [0x0000000080000000, 0x000000008b080000, 0x00000000d5580000)
  object space 180736K, 99% used [0x0000000080000000,0x000000008b001808,0x000000008b080000)
 Metaspace       used 84375K, committed 86080K, reserved 1179648K
  class space    used 10250K, committed 11008K, reserved 1048576K
}

