# JRE version: OpenJDK Runtime Environment Temurin-21.0.9+10 (21.0.9+10) (build 21.0.9+10-LTS)
# Java VM: OpenJDK 64-Bit Server VM Temurin-21.0.9+10 (21.0.9+10-LTS, mixed mode, sharing, tiered, compressed oops, compressed class ptrs, parallel gc, windows-amd64)
GC Precious Log:
 CardTable entry size: 512
 CPUs: 4 total, 4 available
 Memory: 7934M
 Large Page Support: Disabled
 NUMA Support: Disabled
 Compressed Oops: Enabled (32-bit)
 Alignments: Space 512K, Generation 512K, Heap 2M
 Heap Min Capacity: 100M
 Heap Initial Capacity: 100M
 Heap Max Capacity: 2G
 Pre-touch: Disabled
 Parallel Workers: 4
Heap:
 PSYoungGen      total 4608K, used 2748K [0x00000000d5580000, 0x00000000d5d00000, 0x0000000100000000)
  eden space 3072K, 40% used [0x00000000d5580000,0x00000000d56b6ae0,0x00000000d5880000)
  from space 1536K, 98% used [0x00000000d5a00000,0x00000000d5b78800,0x00000000d5b80000)
  to   space 512K, 0% used [0x00000000d5c80000,0x00000000d5c80000,0x00000000d5d00000)
 ParOldGen       total 474624K, used 474427K [0x0000000080000000, 0x000000009cf80000, 0x00000000d5580000)
  object space 474624K, 99% used [0x0000000080000000,0x000000009cf4ecf8,0x000000009cf80000)
 Metaspace       used 70996K, committed 72512K, reserved 1114112K
  class space    used 7421K, committed 8064K, reserved 1048576K
GC Heap History (20 events):
Event: 102.750 GC heap before
{Heap before GC invocations=845 (full 3):
 PSYoungGen      total 3584K, used 3564K [0x00000000d5580000, 0x00000000d5e80000, 0x0000000100000000)
  eden space 3072K, 100% used [0x00000000d5580000,0x00000000d5880000,0x00000000d5880000)
  from space 512K, 96% used [0x00000000d5900000,0x00000000d597b2a0,0x00000000d5980000)
  to   space 3072K, 0% used [0x00000000d5b80000,0x00000000d5b80000,0x00000000d5e80000)
 ParOldGen       total 465408K, used 465010K [0x0000000080000000, 0x000000009c680000, 0x00000000d5580000)
  object space 465408K, 99% used [0x0000000080000000,0x000000009c61ca58,0x000000009c680000)
 Metaspace       used 70941K, committed 72384K, reserved 1114112K
  class space    used 7418K, committed 8064K, reserved 1048576K
}
Event: 102.753 GC heap after
{Heap after GC invocations=845 (full 3):
 PSYoungGen      total 5120K, used 1626K [0x00000000d5580000, 0x00000000d5d80000, 0x0000000100000000)
  eden space 3072K, 0% used [0x00000000d5580000,0x00000000d5580000,0x00000000d5880000)
  from space 2048K, 79% used [0x00000000d5b80000,0x00000000d5d16900,0x00000000d5d80000)
  to   space 2048K, 0% used [0x00000000d5980000,0x00000000d5980000,0x00000000d5b80000)
 ParOldGen       total 465920K, used 465519K [0x0000000080000000, 0x000000009c700000, 0x00000000d5580000)
  object space 465920K, 99% used [0x0000000080000000,0x000000009c69bcf8,0x000000009c700000)
 Metaspace       used 70941K, committed 72384K, reserved 1114112K
  class space    used 7418K, committed 8064K, reserved 1048576K
}
Event: 102.772 GC heap before
{Heap before GC invocations=846 (full 3):
 PSYoungGen      total 5120K, used 4698K [0x00000000d5580000, 0x00000000d5d80000, 0x0000000100000000)
  eden space 3072K, 100% used [0x00000000d5580000,0x00000000d5880000,0x00000000d5880000)
  from space 2048K, 79% used [0x00000000d5b80000,0x00000000d5d16900,0x00000000d5d80000)
  to   space 2048K, 0% used [0x00000000d5980000,0x00000000d5980000,0x00000000d5b80000)
 ParOldGen       total 465920K, used 465519K [0x0000000080000000, 0x000000009c700000, 0x00000000d5580000)
  object space 465920K, 99% used [0x0000000080000000,0x000000009c69bcf8,0x000000009c700000)
 Metaspace       used 70965K, committed 72448K, reserved 1114112K
  class space    used 7419K, committed 8064K, reserved 1048576K
}
Event: 102.775 GC heap after
{Heap after GC invocations=846 (full 3):
 PSYoungGen      total 5120K, used 1922K [0x00000000d5580000, 0x00000000d5c80000, 0x0000000100000000)
  eden space 3072K, 0% used [0x00000000d5580000,0x00000000d5580000,0x00000000d5880000)
  from space 2048K, 93% used [0x00000000d5980000,0x00000000d5b60800,0x00000000d5b80000)
  to   space 1024K, 0% used [0x00000000d5b80000,0x00000000d5b80000,0x00000000d5c80000)
 ParOldGen       total 467456K, used 467067K [0x0000000080000000, 0x000000009c880000, 0x00000000d5580000)
  object space 467456K, 99% used [0x0000000080000000,0x000000009c81eef8,0x000000009c880000)
 Metaspace       used 70965K, committed 72448K, reserved 1114112K
  class space    used 7419K, committed 8064K, reserved 1048576K
}
Event: 102.786 GC heap before
{Heap before GC invocations=847 (full 3):
 PSYoungGen      total 5120K, used 4994K [0x00000000d5580000, 0x00000000d5c80000, 0x0000000100000000)
  eden space 3072K, 100% used [0x00000000d5580000,0x00000000d5880000,0x00000000d5880000)
  from space 2048K, 93% used [0x00000000d5980000,0x00000000d5b60800,0x00000000d5b80000)
  to   space 1024K, 0% used [0x00000000d5b80000,0x00000000d5b80000,0x00000000d5c80000)
 ParOldGen       total 467456K, used 467067K [0x0000000080000000, 0x000000009c880000, 0x00000000d5580000)
  object space 467456K, 99% used [0x0000000080000000,0x000000009c81eef8,0x000000009c880000)
 Metaspace       used 70978K, committed 72512K, reserved 1114112K
  class space    used 7419K, committed 8064K, reserved 1048576K
}
Event: 102.787 GC heap after
{Heap after GC invocations=847 (full 3):
 PSYoungGen      total 4096K, used 802K [0x00000000d5580000, 0x00000000d5c80000, 0x0000000100000000)
  eden space 3072K, 0% used [0x00000000d5580000,0x00000000d5580000,0x00000000d5880000)
  from space 1024K, 78% used [0x00000000d5b80000,0x00000000d5c48800,0x00000000d5c80000)
  to   space 1536K, 0% used [0x00000000d5980000,0x00000000d5980000,0x00000000d5b00000)
 ParOldGen       total 467456K, used 467163K [0x0000000080000000, 0x000000009c880000, 0x00000000d5580000)
  object space 467456K, 99% used [0x0000000080000000,0x000000009c836ef8,0x000000009c880000)
 Metaspace       used 70978K, committed 72512K, reserved 1114112K
  class space    used 7419K, committed 8064K, reserved 1048576K
}
Event: 102.795 GC heap before
{Heap before GC invocations=848 (full 3):
 PSYoungGen      total 4096K, used 3874K [0x00000000d5580000, 0x00000000d5c80000, 0x0000000100000000)
  eden space 3072K, 100% used [0x00000000d5580000,0x00000000d5880000,0x00000000d5880000)
  from space 1024K, 78% used [0x00000000d5b80000,0x00000000d5c48800,0x00000000d5c80000)
  to   space 1536K, 0% used [0x00000000d5980000,0x00000000d5980000,0x00000000d5b00000)
 ParOldGen       total 467456K, used 467163K [0x0000000080000000, 0x000000009c880000, 0x00000000d5580000)
  object space 467456K, 99% used [0x0000000080000000,0x000000009c836ef8,0x000000009c880000)
 Metaspace       used 70986K, committed 72512K, reserved 1114112K
  class space    used 7419K, committed 8064K, reserved 1048576K
}
Event: 102.798 GC heap after
{Heap after GC invocations=848 (full 3):
 PSYoungGen      total 4608K, used 1536K [0x00000000d5580000, 0x00000000d6180000, 0x0000000100000000)
  eden space 3072K, 0% used [0x00000000d5580000,0x00000000d5580000,0x00000000d5880000)
  from space 1536K, 100% used [0x00000000d5980000,0x00000000d5b00000,0x00000000d5b00000)
  to   space 4608K, 0% used [0x00000000d5d00000,0x00000000d5d00000,0x00000000d6180000)
 ParOldGen       total 469504K, used 469261K [0x0000000080000000, 0x000000009ca80000, 0x00000000d5580000)
  object space 469504K, 99% used [0x0000000080000000,0x000000009ca436f8,0x000000009ca80000)
 Metaspace       used 70986K, committed 72512K, reserved 1114112K
  class space    used 7419K, committed 8064K, reserved 1048576K
}
Event: 102.814 GC heap before
{Heap before GC invocations=849 (full 3):
 PSYoungGen      total 4608K, used 4608K [0x00000000d5580000, 0x00000000d6180000, 0x0000000100000000)
  eden space 3072K, 100% used [0x00000000d5580000,0x00000000d5880000,0x00000000d5880000)
  from space 1536K, 100% used [0x00000000d5980000,0x00000000d5b00000,0x00000000d5b00000)
  to   space 4608K, 0% used [0x00000000d5d00000,0x00000000d5d00000,0x00000000d6180000)
 ParOldGen       total 469504K, used 469261K [0x0000000080000000, 0x000000009ca80000, 0x00000000d5580000)
  object space 469504K, 99% used [0x0000000080000000,0x000000009ca436f8,0x000000009ca80000)
 Metaspace       used 70991K, committed 72512K, reserved 1114112K
  class space    used 7420K, committed 8064K, reserved 1048576K
}
Event: 102.817 GC heap after
{Heap after GC invocations=849 (full 3):
 PSYoungGen      total 4608K, used 1238K [0x00000000d5580000, 0x00000000d5e80000, 0x0000000100000000)
  eden space 3072K, 0% used [0x00000000d5580000,0x00000000d5580000,0x00000000d5880000)
  from space 1536K, 80% used [0x00000000d5d00000,0x00000000d5e35a00,0x00000000d5e80000)
  to   space 2560K, 0% used [0x00000000d5980000,0x00000000d5980000,0x00000000d5c00000)
 ParOldGen       total 471040K, used 470821K [0x0000000080000000, 0x000000009cc00000, 0x00000000d5580000)
  object space 471040K, 99% used [0x0000000080000000,0x000000009cbc96f8,0x000000009cc00000)
 Metaspace       used 70991K, committed 72512K, reserved 1114112K
  class space    used 7420K, committed 8064K, reserved 1048576K
}
Event: 102.838 GC heap before
{Heap before GC invocations=850 (full 3):
 PSYoungGen      total 4608K, used 4310K [0x00000000d5580000, 0x00000000d5e80000, 0x0000000100000000)
  eden space 3072K, 100% used [0x00000000d5580000,0x00000000d5880000,0x00000000d5880000)
  from space 1536K, 80% used [0x00000000d5d00000,0x00000000d5e35a00,0x00000000d5e80000)
  to   space 2560K, 0% used [0x00000000d5980000,0x00000000d5980000,0x00000000d5c00000)
 ParOldGen       total 471040K, used 470821K [0x0000000080000000, 0x000000009cc00000, 0x00000000d5580000)
  object space 471040K, 99% used [0x0000000080000000,0x000000009cbc96f8,0x000000009cc00000)
 Metaspace       used 70992K, committed 72512K, reserved 1114112K
  class space    used 7420K, committed 8064K, reserved 1048576K
}
Event: 102.839 GC heap after
{Heap after GC invocations=850 (full 3):
 PSYoungGen      total 5632K, used 192K [0x00000000d5580000, 0x00000000d5d80000, 0x0000000100000000)
  eden space 3072K, 0% used [0x00000000d5580000,0x00000000d5580000,0x00000000d5880000)
  from space 2560K, 7% used [0x00000000d5980000,0x00000000d59b0000,0x00000000d5c00000)
  to   space 1024K, 0% used [0x00000000d5c80000,0x00000000d5c80000,0x00000000d5d80000)
 ParOldGen       total 471552K, used 471098K [0x0000000080000000, 0x000000009cc80000, 0x00000000d5580000)
  object space 471552K, 99% used [0x0000000080000000,0x000000009cc0e8f8,0x000000009cc80000)
 Metaspace       used 70992K, committed 72512K, reserved 1114112K
  class space    used 7420K, committed 8064K, reserved 1048576K
}
Event: 102.965 GC heap before
{Heap before GC invocations=851 (full 3):
 PSYoungGen      total 5632K, used 3264K [0x00000000d5580000, 0x00000000d5d80000, 0x0000000100000000)
  eden space 3072K, 100% used [0x00000000d5580000,0x00000000d5880000,0x00000000d5880000)
  from space 2560K, 7% used [0x00000000d5980000,0x00000000d59b0000,0x00000000d5c00000)
  to   space 1024K, 0% used [0x00000000d5c80000,0x00000000d5c80000,0x00000000d5d80000)
 ParOldGen       total 471552K, used 471098K [0x0000000080000000, 0x000000009cc80000, 0x00000000d5580000)
  object space 471552K, 99% used [0x0000000080000000,0x000000009cc0e8f8,0x000000009cc80000)
 Metaspace       used 70993K, committed 72512K, reserved 1114112K
  class space    used 7421K, committed 8064K, reserved 1048576K
}
Event: 102.968 GC heap after
{Heap after GC invocations=851 (full 3):
 PSYoungGen      total 3584K, used 468K [0x00000000d5580000, 0x00000000d5d00000, 0x0000000100000000)
  eden space 3072K, 0% used [0x00000000d5580000,0x00000000d5580000,0x00000000d5880000)
  from space 512K, 91% used [0x00000000d5c80000,0x00000000d5cf5200,0x00000000d5d00000)
  to   space 1024K, 0% used [0x00000000d5b00000,0x00000000d5b00000,0x00000000d5c00000)
 ParOldGen       total 471552K, used 471234K [0x0000000080000000, 0x000000009cc80000, 0x00000000d5580000)
  object space 471552K, 99% used [0x0000000080000000,0x000000009cc308f8,0x000000009cc80000)
 Metaspace       used 70993K, committed 72512K, reserved 1114112K
  class space    used 7421K, committed 8064K, reserved 1048576K
}
Event: 102.974 GC heap before
{Heap before GC invocations=852 (full 3):
 PSYoungGen      total 3584K, used 3540K [0x00000000d5580000, 0x00000000d5d00000, 0x0000000100000000)
  eden space 3072K, 100% used [0x00000000d5580000,0x00000000d5880000,0x00000000d5880000)
  from space 512K, 91% used [0x00000000d5c80000,0x00000000d5cf5200,0x00000000d5d00000)
  to   space 1024K, 0% used [0x00000000d5b00000,0x00000000d5b00000,0x00000000d5c00000)
 ParOldGen       total 471552K, used 471234K [0x0000000080000000, 0x000000009cc80000, 0x00000000d5580000)
  object space 471552K, 99% used [0x0000000080000000,0x000000009cc308f8,0x000000009cc80000)
 Metaspace       used 70993K, committed 72512K, reserved 1114112K
  class space    used 7421K, committed 8064K, reserved 1048576K
}
Event: 102.977 GC heap after
{Heap after GC invocations=852 (full 3):
 PSYoungGen      total 4096K, used 994K [0x00000000d5580000, 0x00000000d5d00000, 0x0000000100000000)
  eden space 3072K, 0% used [0x00000000d5580000,0x00000000d5580000,0x00000000d5880000)
  from space 1024K, 97% used [0x00000000d5b00000,0x00000000d5bf8800,0x00000000d5c00000)
  to   space 512K, 0% used [0x00000000d5c80000,0x00000000d5c80000,0x00000000d5d00000)
 ParOldGen       total 473088K, used 472595K [0x0000000080000000, 0x000000009ce00000, 0x00000000d5580000)
  object space 473088K, 99% used [0x0000000080000000,0x000000009cd84cf8,0x000000009ce00000)
 Metaspace       used 70993K, committed 72512K, reserved 1114112K
  class space    used 7421K, committed 8064K, reserved 1048576K
}
Event: 102.984 GC heap before
{Heap before GC invocations=853 (full 3):
 PSYoungGen      total 4096K, used 4025K [0x00000000d5580000, 0x00000000d5d00000, 0x0000000100000000)
  eden space 3072K, 98% used [0x00000000d5580000,0x00000000d5875f88,0x00000000d5880000)
  from space 1024K, 97% used [0x00000000d5b00000,0x00000000d5bf8800,0x00000000d5c00000)
  to   space 512K, 0% used [0x00000000d5c80000,0x00000000d5c80000,0x00000000d5d00000)
 ParOldGen       total 473088K, used 472595K [0x0000000080000000, 0x000000009ce00000, 0x00000000d5580000)
  object space 473088K, 99% used [0x0000000080000000,0x000000009cd84cf8,0x000000009ce00000)
 Metaspace       used 70993K, committed 72512K, reserved 1114112K
  class space    used 7421K, committed 8064K, reserved 1048576K
}
Event: 102.985 GC heap after
{Heap after GC invocations=853 (full 3):
 PSYoungGen      total 3584K, used 512K [0x00000000d5580000, 0x00000000d5d00000, 0x0000000100000000)
  eden space 3072K, 0% used [0x00000000d5580000,0x00000000d5580000,0x00000000d5880000)
  from space 512K, 100% used [0x00000000d5c80000,0x00000000d5d00000,0x00000000d5d00000)
  to   space 1536K, 0% used [0x00000000d5a00000,0x00000000d5a00000,0x00000000d5b80000)
 ParOldGen       total 473088K, used 472643K [0x0000000080000000, 0x000000009ce00000, 0x00000000d5580000)
  object space 473088K, 99% used [0x0000000080000000,0x000000009cd90cf8,0x000000009ce00000)
 Metaspace       used 70993K, committed 72512K, reserved 1114112K
  class space    used 7421K, committed 8064K, reserved 1048576K
}
Event: 102.990 GC heap before
{Heap before GC invocations=854 (full 3):
 PSYoungGen      total 3584K, used 3584K [0x00000000d5580000, 0x00000000d5d00000, 0x0000000100000000)
  eden space 3072K, 100% used [0x00000000d5580000,0x00000000d5880000,0x00000000d5880000)
  from space 512K, 100% used [0x00000000d5c80000,0x00000000d5d00000,0x00000000d5d00000)
  to   space 1536K, 0% used [0x00000000d5a00000,0x00000000d5a00000,0x00000000d5b80000)
 ParOldGen       total 473088K, used 472643K [0x0000000080000000, 0x000000009ce00000, 0x00000000d5580000)
  object space 473088K, 99% used [0x0000000080000000,0x000000009cd90cf8,0x000000009ce00000)
 Metaspace       used 70993K, committed 72512K, reserved 1114112K
  class space    used 7421K, committed 8064K, reserved 1048576K
}
Event: 102.994 GC heap after
{Heap after GC invocations=854 (full 3):
 PSYoungGen      total 4608K, used 1506K [0x00000000d5580000, 0x00000000d5d00000, 0x0000000100000000)
  eden space 3072K, 0% used [0x00000000d5580000,0x00000000d5580000,0x00000000d5880000)
  from space 1536K, 98% used [0x00000000d5a00000,0x00000000d5b78800,0x00000000d5b80000)
  to   space 512K, 0% used [0x00000000d5c80000,0x00000000d5c80000,0x00000000d5d00000)
 ParOldGen       total 474624K, used 474427K [0x0000000080000000, 0x000000009cf80000, 0x00000000d5580000)
  object space 474624K, 99% used [0x0000000080000000,0x000000009cf4ecf8,0x000000009cf80000)
 Metaspace       used 70993K, committed 72512K, reserved 1114112K
  class space    used 7421K, committed 8064K, reserved 1048576K
}

