# JRE version: OpenJDK Runtime Environment Temurin-21.0.9+10 (21.0.9+10) (build 21.0.9+10-LTS)
# Java VM: OpenJDK 64-Bit Server VM Temurin-21.0.9+10 (21.0.9+10-LTS, mixed mode, sharing, tiered, compressed oops, compressed class ptrs, parallel gc, windows-amd64)
GC Precious Log:
 CardTable entry size: 512
 CPUs: 4 total, 4 available
 Memory: 7934M
 Large Page Support: Disabled
 NUMA Support: Disabled
 Compressed Oops: Enabled (32-bit)
 Alignments: Space 512K, Generation 512K, Heap 2M
 Heap Min Capacity: 100M
 Heap Initial Capacity: 100M
 Heap Max Capacity: 2G
 Pre-touch: Disabled
 Parallel Workers: 4
Heap:
 PSYoungGen      total 23552K, used 23084K [0x00000000d5580000, 0x00000000d7480000, 0x0000000100000000)
  eden space 23040K, 98% used [0x00000000d5580000,0x00000000d6b8f0a8,0x00000000d6c00000)
  from space 512K, 96% used [0x00000000d7400000,0x00000000d747c190,0x00000000d7480000)
  to   space 3072K, 1% used [0x00000000d6e80000,0x00000000d6e88000,0x00000000d7180000)
 ParOldGen       total 1395712K, used 1395096K [0x0000000080000000, 0x00000000d5300000, 0x00000000d5580000)
  object space 1395712K, 99% used [0x0000000080000000,0x00000000d5266128,0x00000000d5300000)
 Metaspace       used 93879K, committed 95488K, reserved 1179648K
  class space    used 9066K, committed 9856K, reserved 1048576K
GC Heap History (20 events):
Event: 4704.822 GC heap before
{Heap before GC invocations=16324 (full 22):
 PSYoungGen      total 26624K, used 26263K [0x00000000d5580000, 0x00000000d7800000, 0x0000000100000000)
  eden space 25088K, 98% used [0x00000000d5580000,0x00000000d6da93e8,0x00000000d6e00000)
  from space 1536K, 99% used [0x00000000d7080000,0x00000000d71fcaa0,0x00000000d7200000)
  to   space 2560K, 0% used [0x00000000d6e00000,0x00000000d6e00000,0x00000000d7080000)
 ParOldGen       total 1362432K, used 1361923K [0x0000000080000000, 0x00000000d3280000, 0x00000000d5580000)
  object space 1362432K, 99% used [0x0000000080000000,0x00000000d3200d78,0x00000000d3280000)
 Metaspace       used 93879K, committed 95488K, reserved 1179648K
  class space    used 9066K, committed 9856K, reserved 1048576K
}
Event: 4704.826 GC heap after
{Heap after GC invocations=16324 (full 22):
 PSYoungGen      total 27648K, used 2366K [0x00000000d5580000, 0x00000000d7800000, 0x0000000100000000)
  eden space 25088K, 0% used [0x00000000d5580000,0x00000000d5580000,0x00000000d6e00000)
  from space 2560K, 92% used [0x00000000d6e00000,0x00000000d704fb78,0x00000000d7080000)
  to   space 2560K, 0% used [0x00000000d7580000,0x00000000d7580000,0x00000000d7800000)
 ParOldGen       total 1362432K, used 1362027K [0x0000000080000000, 0x00000000d3280000, 0x00000000d5580000)
  object space 1362432K, 99% used [0x0000000080000000,0x00000000d321ad78,0x00000000d3280000)
 Metaspace       used 93879K, committed 95488K, reserved 1179648K
  class space    used 9066K, committed 9856K, reserved 1048576K
}
Event: 4704.863 GC heap before
{Heap before GC invocations=16325 (full 22):
 PSYoungGen      total 27648K, used 27454K [0x00000000d5580000, 0x00000000d7800000, 0x0000000100000000)
  eden space 25088K, 100% used [0x00000000d5580000,0x00000000d6e00000,0x00000000d6e00000)
  from space 2560K, 92% used [0x00000000d6e00000,0x00000000d704fb78,0x00000000d7080000)
  to   space 2560K, 0% used [0x00000000d7580000,0x00000000d7580000,0x00000000d7800000)
 ParOldGen       total 1365504K, used 1365251K [0x0000000080000000, 0x00000000d3580000, 0x00000000d5580000)
  object space 1365504K, 99% used [0x0000000080000000,0x00000000d3540c90,0x00000000d3580000)
 Metaspace       used 93879K, committed 95488K, reserved 1179648K
  class space    used 9066K, committed 9856K, reserved 1048576K
}
Event: 4704.868 GC heap after
{Heap after GC invocations=16325 (full 22):
 PSYoungGen      total 26624K, used 1698K [0x00000000d5580000, 0x00000000d7780000, 0x0000000100000000)
  eden space 24576K, 0% used [0x00000000d5580000,0x00000000d5580000,0x00000000d6d80000)
  from space 2048K, 82% used [0x00000000d7580000,0x00000000d7728b50,0x00000000d7780000)
  to   space 2048K, 0% used [0x00000000d7380000,0x00000000d7380000,0x00000000d7580000)
 ParOldGen       total 1366016K, used 1365665K [0x0000000080000000, 0x00000000d3600000, 0x00000000d5580000)
  object space 1366016K, 99% used [0x0000000080000000,0x00000000d35a8668,0x00000000d3600000)
 Metaspace       used 93879K, committed 95488K, reserved 1179648K
  class space    used 9066K, committed 9856K, reserved 1048576K
}
Event: 4704.893 GC heap before
{Heap before GC invocations=16326 (full 22):
 PSYoungGen      total 26624K, used 24869K [0x00000000d5580000, 0x00000000d7780000, 0x0000000100000000)
  eden space 24576K, 94% used [0x00000000d5580000,0x00000000d6c20b70,0x00000000d6d80000)
  from space 2048K, 82% used [0x00000000d7580000,0x00000000d7728b50,0x00000000d7780000)
  to   space 2048K, 0% used [0x00000000d7380000,0x00000000d7380000,0x00000000d7580000)
 ParOldGen       total 1368064K, used 1367237K [0x0000000080000000, 0x00000000d3800000, 0x00000000d5580000)
  object space 1368064K, 99% used [0x0000000080000000,0x00000000d3731718,0x00000000d3800000)
 Metaspace       used 93879K, committed 95488K, reserved 1179648K
  class space    used 9066K, committed 9856K, reserved 1048576K
}
Event: 4704.899 GC heap after
{Heap after GC invocations=16326 (full 22):
 PSYoungGen      total 26624K, used 2034K [0x00000000d5580000, 0x00000000d7600000, 0x0000000100000000)
  eden space 24576K, 0% used [0x00000000d5580000,0x00000000d5580000,0x00000000d6d80000)
  from space 2048K, 99% used [0x00000000d7380000,0x00000000d757cb80,0x00000000d7580000)
  to   space 512K, 0% used [0x00000000d7580000,0x00000000d7580000,0x00000000d7600000)
 ParOldGen       total 1368576K, used 1368126K [0x0000000080000000, 0x00000000d3880000, 0x00000000d5580000)
  object space 1368576K, 99% used [0x0000000080000000,0x00000000d380fa08,0x00000000d3880000)
 Metaspace       used 93879K, committed 95488K, reserved 1179648K
  class space    used 9066K, committed 9856K, reserved 1048576K
}
Event: 4704.932 GC heap before
{Heap before GC invocations=16327 (full 22):
 PSYoungGen      total 26624K, used 26606K [0x00000000d5580000, 0x00000000d7600000, 0x0000000100000000)
  eden space 24576K, 99% used [0x00000000d5580000,0x00000000d6d7eed8,0x00000000d6d80000)
  from space 2048K, 99% used [0x00000000d7380000,0x00000000d757cb80,0x00000000d7580000)
  to   space 512K, 0% used [0x00000000d7580000,0x00000000d7580000,0x00000000d7600000)
 ParOldGen       total 1374720K, used 1373779K [0x0000000080000000, 0x00000000d3e80000, 0x00000000d5580000)
  object space 1374720K, 99% used [0x0000000080000000,0x00000000d3d94fd8,0x00000000d3e80000)
 Metaspace       used 93879K, committed 95488K, reserved 1179648K
  class space    used 9066K, committed 9856K, reserved 1048576K
}
Event: 4704.940 GC heap after
{Heap after GC invocations=16327 (full 22):
 PSYoungGen      total 24576K, used 440K [0x00000000d5580000, 0x00000000d7600000, 0x0000000100000000)
  eden space 24064K, 0% used [0x00000000d5580000,0x00000000d5580000,0x00000000d6d00000)
  from space 512K, 86% used [0x00000000d7580000,0x00000000d75ee268,0x00000000d7600000)
  to   space 1536K, 0% used [0x00000000d7300000,0x00000000d7300000,0x00000000d7480000)
 ParOldGen       total 1374720K, used 1374268K [0x0000000080000000, 0x00000000d3e80000, 0x00000000d5580000)
  object space 1374720K, 99% used [0x0000000080000000,0x00000000d3e0f078,0x00000000d3e80000)
 Metaspace       used 93879K, committed 95488K, reserved 1179648K
  class space    used 9066K, committed 9856K, reserved 1048576K
}
Event: 4704.958 GC heap before
{Heap before GC invocations=16328 (full 22):
 PSYoungGen      total 24576K, used 24504K [0x00000000d5580000, 0x00000000d7600000, 0x0000000100000000)
  eden space 24064K, 100% used [0x00000000d5580000,0x00000000d6d00000,0x00000000d6d00000)
  from space 512K, 86% used [0x00000000d7580000,0x00000000d75ee268,0x00000000d7600000)
  to   space 1536K, 0% used [0x00000000d7300000,0x00000000d7300000,0x00000000d7480000)
 ParOldGen       total 1374720K, used 1374334K [0x0000000080000000, 0x00000000d3e80000, 0x00000000d5580000)
  object space 1374720K, 99% used [0x0000000080000000,0x00000000d3e1faf0,0x00000000d3e80000)
 Metaspace       used 93879K, committed 95488K, reserved 1179648K
  class space    used 9066K, committed 9856K, reserved 1048576K
}
Event: 4704.963 GC heap after
{Heap after GC invocations=16328 (full 22):
 PSYoungGen      total 25600K, used 1088K [0x00000000d5580000, 0x00000000d7600000, 0x0000000100000000)
  eden space 24064K, 0% used [0x00000000d5580000,0x00000000d5580000,0x00000000d6d00000)
  from space 1536K, 70% used [0x00000000d7300000,0x00000000d7410380,0x00000000d7480000)
  to   space 1536K, 0% used [0x00000000d7480000,0x00000000d7480000,0x00000000d7600000)
 ParOldGen       total 1374720K, used 1374656K [0x0000000080000000, 0x00000000d3e80000, 0x00000000d5580000)
  object space 1374720K, 99% used [0x0000000080000000,0x00000000d3e702e8,0x00000000d3e80000)
 Metaspace       used 93879K, committed 95488K, reserved 1179648K
  class space    used 9066K, committed 9856K, reserved 1048576K
}
Event: 4704.988 GC heap before
{Heap before GC invocations=16329 (full 22):
 PSYoungGen      total 25600K, used 25152K [0x00000000d5580000, 0x00000000d7600000, 0x0000000100000000)
  eden space 24064K, 100% used [0x00000000d5580000,0x00000000d6d00000,0x00000000d6d00000)
  from space 1536K, 70% used [0x00000000d7300000,0x00000000d7410380,0x00000000d7480000)
  to   space 1536K, 0% used [0x00000000d7480000,0x00000000d7480000,0x00000000d7600000)
 ParOldGen       total 1379840K, used 1378589K [0x0000000080000000, 0x00000000d4380000, 0x00000000d5580000)
  object space 1379840K, 99% used [0x0000000080000000,0x00000000d42476e8,0x00000000d4380000)
 Metaspace       used 93879K, committed 95488K, reserved 1179648K
  class space    used 9066K, committed 9856K, reserved 1048576K
}
Event: 4704.993 GC heap after
{Heap after GC invocations=16329 (full 22):
 PSYoungGen      total 24064K, used 248K [0x00000000d5580000, 0x00000000d7500000, 0x0000000100000000)
  eden space 23552K, 0% used [0x00000000d5580000,0x00000000d5580000,0x00000000d6c80000)
  from space 512K, 48% used [0x00000000d7480000,0x00000000d74be268,0x00000000d7500000)
  to   space 1024K, 0% used [0x00000000d7300000,0x00000000d7300000,0x00000000d7400000)
 ParOldGen       total 1379840K, used 1378949K [0x0000000080000000, 0x00000000d4380000, 0x00000000d5580000)
  object space 1379840K, 99% used [0x0000000080000000,0x00000000d42a17f8,0x00000000d4380000)
 Metaspace       used 93879K, committed 95488K, reserved 1179648K
  class space    used 9066K, committed 9856K, reserved 1048576K
}
Event: 4705.011 GC heap before
{Heap before GC invocations=16330 (full 22):
 PSYoungGen      total 24064K, used 23020K [0x00000000d5580000, 0x00000000d7500000, 0x0000000100000000)
  eden space 23552K, 96% used [0x00000000d5580000,0x00000000d6bbce00,0x00000000d6c80000)
  from space 512K, 48% used [0x00000000d7480000,0x00000000d74be268,0x00000000d7500000)
  to   space 1024K, 0% used [0x00000000d7300000,0x00000000d7300000,0x00000000d7400000)
 ParOldGen       total 1381888K, used 1380522K [0x0000000080000000, 0x00000000d4580000, 0x00000000d5580000)
  object space 1381888K, 99% used [0x0000000080000000,0x00000000d442a8a8,0x00000000d4580000)
 Metaspace       used 93879K, committed 95488K, reserved 1179648K
  class space    used 9066K, committed 9856K, reserved 1048576K
}
Event: 4705.018 GC heap after
{Heap after GC invocations=16330 (full 22):
 PSYoungGen      total 24576K, used 800K [0x00000000d5580000, 0x00000000d7500000, 0x0000000100000000)
  eden space 23552K, 0% used [0x00000000d5580000,0x00000000d5580000,0x00000000d6c80000)
  from space 1024K, 78% used [0x00000000d7300000,0x00000000d73c8070,0x00000000d7400000)
  to   space 1024K, 0% used [0x00000000d7400000,0x00000000d7400000,0x00000000d7500000)
 ParOldGen       total 1382912K, used 1382164K [0x0000000080000000, 0x00000000d4680000, 0x00000000d5580000)
  object space 1382912K, 99% used [0x0000000080000000,0x00000000d45c5210,0x00000000d4680000)
 Metaspace       used 93879K, committed 95488K, reserved 1179648K
  class space    used 9066K, committed 9856K, reserved 1048576K
}
Event: 4705.046 GC heap before
{Heap before GC invocations=16331 (full 22):
 PSYoungGen      total 24576K, used 24348K [0x00000000d5580000, 0x00000000d7500000, 0x0000000100000000)
  eden space 23552K, 99% used [0x00000000d5580000,0x00000000d6c7f198,0x00000000d6c80000)
  from space 1024K, 78% used [0x00000000d7300000,0x00000000d73c8070,0x00000000d7400000)
  to   space 1024K, 0% used [0x00000000d7400000,0x00000000d7400000,0x00000000d7500000)
 ParOldGen       total 1385984K, used 1385531K [0x0000000080000000, 0x00000000d4980000, 0x00000000d5580000)
  object space 1385984K, 99% used [0x0000000080000000,0x00000000d490ef10,0x00000000d4980000)
 Metaspace       used 93879K, committed 95488K, reserved 1179648K
  class space    used 9066K, committed 9856K, reserved 1048576K
}
Event: 4705.051 GC heap after
{Heap after GC invocations=16331 (full 22):
 PSYoungGen      total 24576K, used 784K [0x00000000d5580000, 0x00000000d7500000, 0x0000000100000000)
  eden space 23552K, 0% used [0x00000000d5580000,0x00000000d5580000,0x00000000d6c80000)
  from space 1024K, 76% used [0x00000000d7400000,0x00000000d74c4250,0x00000000d7500000)
  to   space 1024K, 0% used [0x00000000d7300000,0x00000000d7300000,0x00000000d7400000)
 ParOldGen       total 1385984K, used 1385749K [0x0000000080000000, 0x00000000d4980000, 0x00000000d5580000)
  object space 1385984K, 99% used [0x0000000080000000,0x00000000d49456f8,0x00000000d4980000)
 Metaspace       used 93879K, committed 95488K, reserved 1179648K
  class space    used 9066K, committed 9856K, reserved 1048576K
}
Event: 4705.079 GC heap before
{Heap before GC invocations=16332 (full 22):
 PSYoungGen      total 24576K, used 24331K [0x00000000d5580000, 0x00000000d7500000, 0x0000000100000000)
  eden space 23552K, 99% used [0x00000000d5580000,0x00000000d6c7eb60,0x00000000d6c80000)
  from space 1024K, 76% used [0x00000000d7400000,0x00000000d74c4250,0x00000000d7500000)
  to   space 1024K, 0% used [0x00000000d7300000,0x00000000d7300000,0x00000000d7400000)
 ParOldGen       total 1394176K, used 1392904K [0x0000000080000000, 0x00000000d5180000, 0x00000000d5580000)
  object space 1394176K, 99% used [0x0000000080000000,0x00000000d5042278,0x00000000d5180000)
 Metaspace       used 93879K, committed 95488K, reserved 1179648K
  class space    used 9066K, committed 9856K, reserved 1048576K
}
Event: 4705.084 GC heap after
{Heap after GC invocations=16332 (full 22):
 PSYoungGen      total 24576K, used 296K [0x00000000d5580000, 0x00000000d7480000, 0x0000000100000000)
  eden space 23552K, 0% used [0x00000000d5580000,0x00000000d5580000,0x00000000d6c80000)
  from space 1024K, 28% used [0x00000000d7300000,0x00000000d734a298,0x00000000d7400000)
  to   space 512K, 0% used [0x00000000d7400000,0x00000000d7400000,0x00000000d7480000)
 ParOldGen       total 1394176K, used 1392969K [0x0000000080000000, 0x00000000d5180000, 0x00000000d5580000)
  object space 1394176K, 99% used [0x0000000080000000,0x00000000d5052710,0x00000000d5180000)
 Metaspace       used 93879K, committed 95488K, reserved 1179648K
  class space    used 9066K, committed 9856K, reserved 1048576K
}
Event: 4705.110 GC heap before
{Heap before GC invocations=16333 (full 22):
 PSYoungGen      total 24576K, used 23848K [0x00000000d5580000, 0x00000000d7480000, 0x0000000100000000)
  eden space 23552K, 100% used [0x00000000d5580000,0x00000000d6c80000,0x00000000d6c80000)
  from space 1024K, 28% used [0x00000000d7300000,0x00000000d734a298,0x00000000d7400000)
  to   space 512K, 0% used [0x00000000d7400000,0x00000000d7400000,0x00000000d7480000)
 ParOldGen       total 1394176K, used 1392969K [0x0000000080000000, 0x00000000d5180000, 0x00000000d5580000)
  object space 1394176K, 99% used [0x0000000080000000,0x00000000d5052710,0x00000000d5180000)
 Metaspace       used 93879K, committed 95488K, reserved 1179648K
  class space    used 9066K, committed 9856K, reserved 1048576K
}
Event: 4705.119 GC heap after
{Heap after GC invocations=16333 (full 22):
 PSYoungGen      total 23552K, used 496K [0x00000000d5580000, 0x00000000d7480000, 0x0000000100000000)
  eden space 23040K, 0% used [0x00000000d5580000,0x00000000d5580000,0x00000000d6c00000)
  from space 512K, 96% used [0x00000000d7400000,0x00000000d747c190,0x00000000d7480000)
  to   space 3072K, 0% used [0x00000000d6e80000,0x00000000d6e80000,0x00000000d7180000)
 ParOldGen       total 1395712K, used 1395088K [0x0000000080000000, 0x00000000d5300000, 0x00000000d5580000)
  object space 1395712K, 99% used [0x0000000080000000,0x00000000d5264128,0x00000000d5300000)
 Metaspace       used 93879K, committed 95488K, reserved 1179648K
  class space    used 9066K, committed 9856K, reserved 1048576K
}

