# JRE version: OpenJDK Runtime Environment Temurin-21.0.9+10 (21.0.9+10) (build 21.0.9+10-LTS)
# Java VM: OpenJDK 64-Bit Server VM Temurin-21.0.9+10 (21.0.9+10-LTS, mixed mode, sharing, tiered, compressed oops, compressed class ptrs, parallel gc, windows-amd64)
GC Precious Log:
 CardTable entry size: 512
 CPUs: 4 total, 4 available
 Memory: 7934M
 Large Page Support: Disabled
 NUMA Support: Disabled
 Compressed Oops: Enabled (32-bit)
 Alignments: Space 512K, Generation 512K, Heap 2M
 Heap Min Capacity: 100M
 Heap Initial Capacity: 100M
 Heap Max Capacity: 2G
 Pre-touch: Disabled
 Parallel Workers: 4
Heap:
 PSYoungGen      total 8704K, used 3080K [0x00000000d5580000, 0x00000000d6000000, 0x0000000100000000)
  eden space 7680K, 27% used [0x00000000d5580000,0x00000000d578b7f8,0x00000000d5d00000)
  from space 1024K, 96% used [0x00000000d5d00000,0x00000000d5df6940,0x00000000d5e00000)
  to   space 1536K, 0% used [0x00000000d5e80000,0x00000000d5e80000,0x00000000d6000000)
 ParOldGen       total 667648K, used 667144K [0x0000000080000000, 0x00000000a8c00000, 0x00000000d5580000)
  object space 667648K, 99% used [0x0000000080000000,0x00000000a8b82350,0x00000000a8c00000)
 Metaspace       used 104214K, committed 106240K, reserved 1179648K
  class space    used 12103K, committed 13056K, reserved 1048576K
GC Heap History (20 events):
Event: 403.712 GC heap before
{Heap before GC invocations=2632 (full 6):
 PSYoungGen      total 7168K, used 7026K [0x00000000d5580000, 0x00000000d5e80000, 0x0000000100000000)
  eden space 6656K, 99% used [0x00000000d5580000,0x00000000d5bfda10,0x00000000d5c00000)
  from space 512K, 74% used [0x00000000d5c00000,0x00000000d5c5f1a8,0x00000000d5c80000)
  to   space 512K, 0% used [0x00000000d5e00000,0x00000000d5e00000,0x00000000d5e80000)
 ParOldGen       total 659456K, used 659114K [0x0000000080000000, 0x00000000a8400000, 0x00000000d5580000)
  object space 659456K, 99% used [0x0000000080000000,0x00000000a83aa868,0x00000000a8400000)
 Metaspace       used 104168K, committed 106176K, reserved 1179648K
  class space    used 12103K, committed 13056K, reserved 1048576K
}
Event: 403.716 GC heap after
{Heap after GC invocations=2632 (full 6):
 PSYoungGen      total 8704K, used 96K [0x00000000d5580000, 0x00000000d5e80000, 0x0000000100000000)
  eden space 8192K, 0% used [0x00000000d5580000,0x00000000d5580000,0x00000000d5d80000)
  from space 512K, 18% used [0x00000000d5e00000,0x00000000d5e18000,0x00000000d5e80000)
  to   space 512K, 0% used [0x00000000d5d80000,0x00000000d5d80000,0x00000000d5e00000)
 ParOldGen       total 659456K, used 659130K [0x0000000080000000, 0x00000000a8400000, 0x00000000d5580000)
  object space 659456K, 99% used [0x0000000080000000,0x00000000a83ae868,0x00000000a8400000)
 Metaspace       used 104168K, committed 106176K, reserved 1179648K
  class space    used 12103K, committed 13056K, reserved 1048576K
}
Event: 403.735 GC heap before
{Heap before GC invocations=2633 (full 6):
 PSYoungGen      total 8704K, used 8265K [0x00000000d5580000, 0x00000000d5e80000, 0x0000000100000000)
  eden space 8192K, 99% used [0x00000000d5580000,0x00000000d5d7a518,0x00000000d5d80000)
  from space 512K, 18% used [0x00000000d5e00000,0x00000000d5e18000,0x00000000d5e80000)
  to   space 512K, 0% used [0x00000000d5d80000,0x00000000d5d80000,0x00000000d5e00000)
 ParOldGen       total 659456K, used 659130K [0x0000000080000000, 0x00000000a8400000, 0x00000000d5580000)
  object space 659456K, 99% used [0x0000000080000000,0x00000000a83ae868,0x00000000a8400000)
 Metaspace       used 104168K, committed 106176K, reserved 1179648K
  class space    used 12103K, committed 13056K, reserved 1048576K
}
Event: 403.739 GC heap after
{Heap after GC invocations=2633 (full 6):
 PSYoungGen      total 8704K, used 396K [0x00000000d5580000, 0x00000000d5e80000, 0x0000000100000000)
  eden space 8192K, 0% used [0x00000000d5580000,0x00000000d5580000,0x00000000d5d80000)
  from space 512K, 77% used [0x00000000d5d80000,0x00000000d5de3198,0x00000000d5e00000)
  to   space 512K, 0% used [0x00000000d5e00000,0x00000000d5e00000,0x00000000d5e80000)
 ParOldGen       total 660992K, used 660657K [0x0000000080000000, 0x00000000a8580000, 0x00000000d5580000)
  object space 660992K, 99% used [0x0000000080000000,0x00000000a852c4a8,0x00000000a8580000)
 Metaspace       used 104168K, committed 106176K, reserved 1179648K
  class space    used 12103K, committed 13056K, reserved 1048576K
}
Event: 403.765 GC heap before
{Heap before GC invocations=2634 (full 6):
 PSYoungGen      total 8704K, used 8588K [0x00000000d5580000, 0x00000000d5e80000, 0x0000000100000000)
  eden space 8192K, 100% used [0x00000000d5580000,0x00000000d5d80000,0x00000000d5d80000)
  from space 512K, 77% used [0x00000000d5d80000,0x00000000d5de3198,0x00000000d5e00000)
  to   space 512K, 0% used [0x00000000d5e00000,0x00000000d5e00000,0x00000000d5e80000)
 ParOldGen       total 660992K, used 660657K [0x0000000080000000, 0x00000000a8580000, 0x00000000d5580000)
  object space 660992K, 99% used [0x0000000080000000,0x00000000a852c4a8,0x00000000a8580000)
 Metaspace       used 104168K, committed 106176K, reserved 1179648K
  class space    used 12103K, committed 13056K, reserved 1048576K
}
Event: 403.769 GC heap after
{Heap after GC invocations=2634 (full 6):
 PSYoungGen      total 8704K, used 128K [0x00000000d5580000, 0x00000000d5e80000, 0x0000000100000000)
  eden space 8192K, 0% used [0x00000000d5580000,0x00000000d5580000,0x00000000d5d80000)
  from space 512K, 25% used [0x00000000d5e00000,0x00000000d5e20000,0x00000000d5e80000)
  to   space 512K, 0% used [0x00000000d5d80000,0x00000000d5d80000,0x00000000d5e00000)
 ParOldGen       total 664064K, used 663687K [0x0000000080000000, 0x00000000a8880000, 0x00000000d5580000)
  object space 664064K, 99% used [0x0000000080000000,0x00000000a8821d28,0x00000000a8880000)
 Metaspace       used 104168K, committed 106176K, reserved 1179648K
  class space    used 12103K, committed 13056K, reserved 1048576K
}
Event: 403.792 GC heap before
{Heap before GC invocations=2635 (full 6):
 PSYoungGen      total 8704K, used 7084K [0x00000000d5580000, 0x00000000d5e80000, 0x0000000100000000)
  eden space 8192K, 84% used [0x00000000d5580000,0x00000000d5c4b300,0x00000000d5d80000)
  from space 512K, 25% used [0x00000000d5e00000,0x00000000d5e20000,0x00000000d5e80000)
  to   space 512K, 0% used [0x00000000d5d80000,0x00000000d5d80000,0x00000000d5e00000)
 ParOldGen       total 664064K, used 663687K [0x0000000080000000, 0x00000000a8880000, 0x00000000d5580000)
  object space 664064K, 99% used [0x0000000080000000,0x00000000a8821d28,0x00000000a8880000)
 Metaspace       used 104168K, committed 106176K, reserved 1179648K
  class space    used 12103K, committed 13056K, reserved 1048576K
}
Event: 403.795 GC heap after
{Heap after GC invocations=2635 (full 6):
 PSYoungGen      total 8704K, used 96K [0x00000000d5580000, 0x00000000d5e80000, 0x0000000100000000)
  eden space 8192K, 0% used [0x00000000d5580000,0x00000000d5580000,0x00000000d5d80000)
  from space 512K, 18% used [0x00000000d5d80000,0x00000000d5d98000,0x00000000d5e00000)
  to   space 512K, 0% used [0x00000000d5e00000,0x00000000d5e00000,0x00000000d5e80000)
 ParOldGen       total 664064K, used 663703K [0x0000000080000000, 0x00000000a8880000, 0x00000000d5580000)
  object space 664064K, 99% used [0x0000000080000000,0x00000000a8825d28,0x00000000a8880000)
 Metaspace       used 104168K, committed 106176K, reserved 1179648K
  class space    used 12103K, committed 13056K, reserved 1048576K
}
Event: 403.845 GC heap before
{Heap before GC invocations=2636 (full 6):
 PSYoungGen      total 8704K, used 8288K [0x00000000d5580000, 0x00000000d5e80000, 0x0000000100000000)
  eden space 8192K, 100% used [0x00000000d5580000,0x00000000d5d80000,0x00000000d5d80000)
  from space 512K, 18% used [0x00000000d5d80000,0x00000000d5d98000,0x00000000d5e00000)
  to   space 512K, 0% used [0x00000000d5e00000,0x00000000d5e00000,0x00000000d5e80000)
 ParOldGen       total 664064K, used 663703K [0x0000000080000000, 0x00000000a8880000, 0x00000000d5580000)
  object space 664064K, 99% used [0x0000000080000000,0x00000000a8825d28,0x00000000a8880000)
 Metaspace       used 104168K, committed 106176K, reserved 1179648K
  class space    used 12103K, committed 13056K, reserved 1048576K
}
Event: 403.848 GC heap after
{Heap after GC invocations=2636 (full 6):
 PSYoungGen      total 8704K, used 352K [0x00000000d5580000, 0x00000000d5e80000, 0x0000000100000000)
  eden space 8192K, 0% used [0x00000000d5580000,0x00000000d5580000,0x00000000d5d80000)
  from space 512K, 68% used [0x00000000d5e00000,0x00000000d5e58000,0x00000000d5e80000)
  to   space 512K, 0% used [0x00000000d5d80000,0x00000000d5d80000,0x00000000d5e00000)
 ParOldGen       total 664064K, used 663719K [0x0000000080000000, 0x00000000a8880000, 0x00000000d5580000)
  object space 664064K, 99% used [0x0000000080000000,0x00000000a8829d28,0x00000000a8880000)
 Metaspace       used 104168K, committed 106176K, reserved 1179648K
  class space    used 12103K, committed 13056K, reserved 1048576K
}
Event: 403.929 GC heap before
{Heap before GC invocations=2637 (full 6):
 PSYoungGen      total 8704K, used 8544K [0x00000000d5580000, 0x00000000d5e80000, 0x0000000100000000)
  eden space 8192K, 100% used [0x00000000d5580000,0x00000000d5d80000,0x00000000d5d80000)
  from space 512K, 68% used [0x00000000d5e00000,0x00000000d5e58000,0x00000000d5e80000)
  to   space 512K, 0% used [0x00000000d5d80000,0x00000000d5d80000,0x00000000d5e00000)
 ParOldGen       total 664064K, used 663719K [0x0000000080000000, 0x00000000a8880000, 0x00000000d5580000)
  object space 664064K, 99% used [0x0000000080000000,0x00000000a8829d28,0x00000000a8880000)
 Metaspace       used 104168K, committed 106176K, reserved 1179648K
  class space    used 12103K, committed 13056K, reserved 1048576K
}
Event: 403.933 GC heap after
{Heap after GC invocations=2637 (full 6):
 PSYoungGen      total 8704K, used 506K [0x00000000d5580000, 0x00000000d6080000, 0x0000000100000000)
  eden space 8192K, 0% used [0x00000000d5580000,0x00000000d5580000,0x00000000d5d80000)
  from space 512K, 98% used [0x00000000d5d80000,0x00000000d5dfeaf8,0x00000000d5e00000)
  to   space 1536K, 0% used [0x00000000d5f00000,0x00000000d5f00000,0x00000000d6080000)
 ParOldGen       total 664576K, used 664409K [0x0000000080000000, 0x00000000a8900000, 0x00000000d5580000)
  object space 664576K, 99% used [0x0000000080000000,0x00000000a88d6510,0x00000000a8900000)
 Metaspace       used 104168K, committed 106176K, reserved 1179648K
  class space    used 12103K, committed 13056K, reserved 1048576K
}
Event: 403.989 GC heap before
{Heap before GC invocations=2638 (full 6):
 PSYoungGen      total 8704K, used 8698K [0x00000000d5580000, 0x00000000d6080000, 0x0000000100000000)
  eden space 8192K, 100% used [0x00000000d5580000,0x00000000d5d80000,0x00000000d5d80000)
  from space 512K, 98% used [0x00000000d5d80000,0x00000000d5dfeaf8,0x00000000d5e00000)
  to   space 1536K, 0% used [0x00000000d5f00000,0x00000000d5f00000,0x00000000d6080000)
 ParOldGen       total 664576K, used 664409K [0x0000000080000000, 0x00000000a8900000, 0x00000000d5580000)
  object space 664576K, 99% used [0x0000000080000000,0x00000000a88d6510,0x00000000a8900000)
 Metaspace       used 104168K, committed 106176K, reserved 1179648K
  class space    used 12103K, committed 13056K, reserved 1048576K
}
Event: 403.996 GC heap after
{Heap after GC invocations=2638 (full 6):
 PSYoungGen      total 9216K, used 752K [0x00000000d5580000, 0x00000000d6000000, 0x0000000100000000)
  eden space 8192K, 0% used [0x00000000d5580000,0x00000000d5580000,0x00000000d5d80000)
  from space 1024K, 73% used [0x00000000d5f00000,0x00000000d5fbc030,0x00000000d6000000)
  to   space 1024K, 0% used [0x00000000d5e00000,0x00000000d5e00000,0x00000000d5f00000)
 ParOldGen       total 665088K, used 664923K [0x0000000080000000, 0x00000000a8980000, 0x00000000d5580000)
  object space 665088K, 99% used [0x0000000080000000,0x00000000a8956ef0,0x00000000a8980000)
 Metaspace       used 104168K, committed 106176K, reserved 1179648K
  class space    used 12103K, committed 13056K, reserved 1048576K
}
Event: 404.460 GC heap before
{Heap before GC invocations=2639 (full 6):
 PSYoungGen      total 9216K, used 8944K [0x00000000d5580000, 0x00000000d6000000, 0x0000000100000000)
  eden space 8192K, 100% used [0x00000000d5580000,0x00000000d5d80000,0x00000000d5d80000)
  from space 1024K, 73% used [0x00000000d5f00000,0x00000000d5fbc030,0x00000000d6000000)
  to   space 1024K, 0% used [0x00000000d5e00000,0x00000000d5e00000,0x00000000d5f00000)
 ParOldGen       total 665088K, used 664923K [0x0000000080000000, 0x00000000a8980000, 0x00000000d5580000)
  object space 665088K, 99% used [0x0000000080000000,0x00000000a8956ef0,0x00000000a8980000)
 Metaspace       used 104205K, committed 106240K, reserved 1179648K
  class space    used 12103K, committed 13056K, reserved 1048576K
}
Event: 404.464 GC heap after
{Heap after GC invocations=2639 (full 6):
 PSYoungGen      total 9216K, used 788K [0x00000000d5580000, 0x00000000d5f80000, 0x0000000100000000)
  eden space 8192K, 0% used [0x00000000d5580000,0x00000000d5580000,0x00000000d5d80000)
  from space 1024K, 77% used [0x00000000d5e00000,0x00000000d5ec5220,0x00000000d5f00000)
  to   space 512K, 0% used [0x00000000d5f00000,0x00000000d5f00000,0x00000000d5f80000)
 ParOldGen       total 665600K, used 665563K [0x0000000080000000, 0x00000000a8a00000, 0x00000000d5580000)
  object space 665600K, 99% used [0x0000000080000000,0x00000000a89f6f30,0x00000000a8a00000)
 Metaspace       used 104205K, committed 106240K, reserved 1179648K
  class space    used 12103K, committed 13056K, reserved 1048576K
}
Event: 406.032 GC heap before
{Heap before GC invocations=2640 (full 6):
 PSYoungGen      total 9216K, used 8980K [0x00000000d5580000, 0x00000000d5f80000, 0x0000000100000000)
  eden space 8192K, 100% used [0x00000000d5580000,0x00000000d5d80000,0x00000000d5d80000)
  from space 1024K, 77% used [0x00000000d5e00000,0x00000000d5ec5220,0x00000000d5f00000)
  to   space 512K, 0% used [0x00000000d5f00000,0x00000000d5f00000,0x00000000d5f80000)
 ParOldGen       total 665600K, used 665563K [0x0000000080000000, 0x00000000a8a00000, 0x00000000d5580000)
  object space 665600K, 99% used [0x0000000080000000,0x00000000a89f6f30,0x00000000a8a00000)
 Metaspace       used 104209K, committed 106240K, reserved 1179648K
  class space    used 12103K, committed 13056K, reserved 1048576K
}
Event: 406.038 GC heap after
{Heap after GC invocations=2640 (full 6):
 PSYoungGen      total 8192K, used 500K [0x00000000d5580000, 0x00000000d6180000, 0x0000000100000000)
  eden space 7680K, 0% used [0x00000000d5580000,0x00000000d5580000,0x00000000d5d00000)
  from space 512K, 97% used [0x00000000d5f00000,0x00000000d5f7d200,0x00000000d5f80000)
  to   space 2048K, 0% used [0x00000000d5d00000,0x00000000d5d00000,0x00000000d5f00000)
 ParOldGen       total 667136K, used 666652K [0x0000000080000000, 0x00000000a8b80000, 0x00000000d5580000)
  object space 667136K, 99% used [0x0000000080000000,0x00000000a8b07150,0x00000000a8b80000)
 Metaspace       used 104209K, committed 106240K, reserved 1179648K
  class space    used 12103K, committed 13056K, reserved 1048576K
}
Event: 406.062 GC heap before
{Heap before GC invocations=2641 (full 6):
 PSYoungGen      total 8192K, used 8180K [0x00000000d5580000, 0x00000000d6180000, 0x0000000100000000)
  eden space 7680K, 100% used [0x00000000d5580000,0x00000000d5d00000,0x00000000d5d00000)
  from space 512K, 97% used [0x00000000d5f00000,0x00000000d5f7d200,0x00000000d5f80000)
  to   space 2048K, 0% used [0x00000000d5d00000,0x00000000d5d00000,0x00000000d5f00000)
 ParOldGen       total 667136K, used 666652K [0x0000000080000000, 0x00000000a8b80000, 0x00000000d5580000)
  object space 667136K, 99% used [0x0000000080000000,0x00000000a8b07150,0x00000000a8b80000)
 Metaspace       used 104211K, committed 106240K, reserved 1179648K
  class space    used 12103K, committed 13056K, reserved 1048576K
}
Event: 406.067 GC heap after
{Heap after GC invocations=2641 (full 6):
 PSYoungGen      total 8704K, used 986K [0x00000000d5580000, 0x00000000d6000000, 0x0000000100000000)
  eden space 7680K, 0% used [0x00000000d5580000,0x00000000d5580000,0x00000000d5d00000)
  from space 1024K, 96% used [0x00000000d5d00000,0x00000000d5df6940,0x00000000d5e00000)
  to   space 1536K, 0% used [0x00000000d5e80000,0x00000000d5e80000,0x00000000d6000000)
 ParOldGen       total 667648K, used 667144K [0x0000000080000000, 0x00000000a8c00000, 0x00000000d5580000)
  object space 667648K, 99% used [0x0000000080000000,0x00000000a8b82350,0x00000000a8c00000)
 Metaspace       used 104211K, committed 106240K, reserved 1179648K
  class space    used 12103K, committed 13056K, reserved 1048576K
}

